[01m[K/home/sentry/Wolf-Moon/src/navigation_planning/src/way_planner_node.cpp:[m[K In member function â€˜[01m[Kbool navigation::MapData::loadMapFromFile()[m[Kâ€™:
[01m[K/home/sentry/Wolf-Moon/src/navigation_planning/src/way_planner_node.cpp:81:36:[m[K [01;35m[Kwarning: [m[Kcomparison of integer expressions of different signedness: â€˜[01m[Kunsigned int[m[Kâ€™ and â€˜[01m[Kint[m[Kâ€™ [[01;35m[K-Wsign-compare[m[K]
   81 |         for (unsigned int y = 0; [01;35m[Ky < map_image.rows[m[K; ++y)
      |                                  [01;35m[K~~^~~~~~~~~~~~~~~~[m[K
[01m[K/home/sentry/Wolf-Moon/src/navigation_planning/src/way_planner_node.cpp:83:40:[m[K [01;35m[Kwarning: [m[Kcomparison of integer expressions of different signedness: â€˜[01m[Kunsigned int[m[Kâ€™ and â€˜[01m[Kint[m[Kâ€™ [[01;35m[K-Wsign-compare[m[K]
   83 |             for (unsigned int x = 0; [01;35m[Kx < map_image.cols[m[K; ++x)
      |                                      [01;35m[K~~^~~~~~~~~~~~~~~~[m[K
[01m[K/home/sentry/Wolf-Moon/src/navigation_planning/src/way_planner_node.cpp:[m[K In member function â€˜[01m[Krclcpp_action::GoalResponse navigation::WayPlannerNode::handleGoal(const GoalUUID&, std::shared_ptr<const nav2_msgs::action::NavigateToPose_Goal_<std::allocator<void> > >)[m[Kâ€™:
[01m[K/home/sentry/Wolf-Moon/src/navigation_planning/src/way_planner_node.cpp:180:91:[m[K [01;35m[Kwarning: [m[Kunused parameter â€˜[01m[Kuuid[m[Kâ€™ [[01;35m[K-Wunused-parameter[m[K]
  180 |     rclcpp_action::GoalResponse WayPlannerNode::handleGoal([01;35m[Kconst rclcpp_action::GoalUUID &uuid[m[K,
      |                                                            [01;35m[K~~~~~~~~~~~~~~~~~~~~~~~~~~~~~~~^~~~[m[K
[01m[K/home/sentry/Wolf-Moon/src/navigation_planning/src/way_planner_node.cpp:[m[K In member function â€˜[01m[Kbool navigation::WayPlannerNode::isGoalValid(const PoseStamped&)[m[Kâ€™:
[01m[K/home/sentry/Wolf-Moon/src/navigation_planning/src/way_planner_node.cpp:196:77:[m[K [01;35m[Kwarning: [m[Kunused parameter â€˜[01m[Kpose[m[Kâ€™ [[01;35m[K-Wunused-parameter[m[K]
  196 |     bool WayPlannerNode::isGoalValid([01;35m[Kconst geometry_msgs::msg::PoseStamped &pose[m[K)
      |                                      [01;35m[K~~~~~~~~~~~~~~~~~~~~~~~~~~~~~~~~~~~~~~~^~~~[m[K
[01m[K/home/sentry/Wolf-Moon/src/navigation_planning/src/way_planner_node.cpp:[m[K In member function â€˜[01m[Krclcpp_action::CancelResponse navigation::WayPlannerNode::handleCancel(std::shared_ptr<rclcpp_action::ServerGoalHandle<nav2_msgs::action::NavigateToPose> >)[m[Kâ€™:
[01m[K/home/sentry/Wolf-Moon/src/navigation_planning/src/way_planner_node.cpp:201:154:[m[K [01;35m[Kwarning: [m[Kunused parameter â€˜[01m[Kgoal_handle[m[Kâ€™ [[01;35m[K-Wunused-parameter[m[K]
  201 | ction::CancelResponse WayPlannerNode::handleCancel([01;35m[Kconst std::shared_ptr<rclcpp_action::ServerGoalHandle<nav2_msgs::action::NavigateToPose>> goal_handle[m[K)
      |                                                    [01;35m[K~~~~~~~~~~~~~~~~~~~~~~~~~~~~~~~~~~~~~~~~~~~~~~~~~~~~~~~~~~~~~~~~~~~~~~~~~~~~~~~~~~~~~~~~~~^~~~~~~~~~~[m[K

[01m[K/home/sentry/Wolf-Moon/src/navigation_planning/src/way_planner_node.cpp:[m[K In function â€˜[01m[Kint main(int, char**)[m[Kâ€™:
[01m[K/home/sentry/Wolf-Moon/src/navigation_planning/src/way_planner_node.cpp:384:65:[m[K [01;31m[Kerror: [m[Kâ€˜[01m[Koptions[m[Kâ€™ was not declared in this scope; did you mean â€˜[01m[Koptind[m[Kâ€™?
  384 |     auto my_node = std::make_shared<navigation::WayPlannerNode>([01;31m[Koptions[m[K);
      |                                                                 [01;31m[K^~~~~~~[m[K
      |                                                                 [32m[Koptind[m[K
make[2]: *** [CMakeFiles/way_planner_node.dir/build.make:63: CMakeFiles/way_planner_node.dir/src/way_planner_node.cpp.o] Error 1
make[1]: *** [CMakeFiles/Makefile2:78: CMakeFiles/way_planner_node.dir/all] Error 2
make: *** [Makefile:141: all] Error 2
